e:\vs projects\breakout\breakout\breakout\x64\debug\vc142.pdb
e:\vs projects\breakout\breakout\breakout\x64\debug\vc142.idb
e:\vs projects\breakout\breakout\breakout\x64\debug\texture.obj
e:\vs projects\breakout\breakout\breakout\x64\debug\render_system.obj
e:\vs projects\breakout\breakout\breakout\x64\debug\movement_system.obj
e:\vs projects\breakout\breakout\breakout\x64\debug\gameplay_system.obj
e:\vs projects\breakout\breakout\breakout\x64\debug\collision_system.obj
e:\vs projects\breakout\breakout\breakout\x64\debug\stb_image.obj
e:\vs projects\breakout\breakout\breakout\x64\debug\text_renderer.obj
e:\vs projects\breakout\breakout\breakout\x64\debug\sprite_renderer.obj
e:\vs projects\breakout\breakout\breakout\x64\debug\shader.obj
e:\vs projects\breakout\breakout\breakout\x64\debug\window_manager.obj
e:\vs projects\breakout\breakout\breakout\x64\debug\state_manager.obj
e:\vs projects\breakout\breakout\breakout\x64\debug\ecs.obj
e:\vs projects\breakout\breakout\breakout\x64\debug\asset_manager.obj
e:\vs projects\breakout\breakout\breakout\x64\debug\main.obj
e:\vs projects\breakout\breakout\breakout\x64\debug\game_level.obj
e:\vs projects\breakout\breakout\breakout\x64\debug\game.obj
e:\vs projects\breakout\breakout\breakout\x64\debug\play_state.obj
e:\vs projects\breakout\breakout\breakout\x64\debug\menu_state.obj
e:\vs projects\breakout\breakout\breakout\x64\debug\highscore_state.obj
e:\vs projects\breakout\breakout\breakout\x64\debug\game_state.obj
e:\vs projects\breakout\breakout\x64\debug\breakout.ilk
e:\vs projects\breakout\breakout\x64\debug\breakout.exe
e:\vs projects\breakout\breakout\x64\debug\breakout.pdb
e:\vs projects\breakout\breakout\breakout\x64\debug\breakout.tlog\cl.command.1.tlog
e:\vs projects\breakout\breakout\breakout\x64\debug\breakout.tlog\cl.read.1.tlog
e:\vs projects\breakout\breakout\breakout\x64\debug\breakout.tlog\cl.write.1.tlog
e:\vs projects\breakout\breakout\breakout\x64\debug\breakout.tlog\link.command.1.tlog
e:\vs projects\breakout\breakout\breakout\x64\debug\breakout.tlog\link.read.1.tlog
e:\vs projects\breakout\breakout\breakout\x64\debug\breakout.tlog\link.write.1.tlog
